<?xml version="1.0" encoding="UTF-8"?>
<!-- Generated by org.testng.reporters.JUnitXMLReporter -->
<testsuite ignored="6" hostname="Nihar" failures="0" tests="1" name="Default test" time="11.932" errors="0" timestamp="2023-12-15T22:06:02 IST">
  <testcase classname="orangeHRM.tests.LoginFunctionalityTest" name="blankInputInBothFieldLoginTest" time="0.361"/>
  <testcase classname="orangeHRM.tests.LoginFunctionalityTest" name="blankUserNameValidPasswordLoginTest" time="0.0">
    <ignored/>
  </testcase> <!-- blankUserNameValidPasswordLoginTest -->
  <testcase classname="orangeHRM.tests.LoginFunctionalityTest" name="invalidUsernamePasswordLoginTest" time="0.0">
    <ignored/>
  </testcase> <!-- invalidUsernamePasswordLoginTest -->
  <testcase classname="orangeHRM.tests.LoginFunctionalityTest" name="successfullLoginTest" time="0.0">
    <ignored/>
  </testcase> <!-- successfullLoginTest -->
  <testcase classname="orangeHRM.tests.LoginFunctionalityTest" name="validUserNameInvalidPasswordLoginTest" time="0.0">
    <ignored/>
  </testcase> <!-- validUserNameInvalidPasswordLoginTest -->
  <testcase classname="orangeHRM.tests.LoginFunctionalityTest" name="validUserNameBlankPasswordLoginTest" time="0.0">
    <ignored/>
  </testcase> <!-- validUserNameBlankPasswordLoginTest -->
  <testcase classname="orangeHRM.tests.LoginFunctionalityTest" name="invalidUserNameValidPasswordLoginTest" time="0.0">
    <ignored/>
  </testcase> <!-- invalidUserNameValidPasswordLoginTest -->
</testsuite> <!-- Default test -->
