<?xml version="1.0" encoding="UTF-8"?>
<testng-results ignored="0" total="1" passed="1" failed="0" skipped="0">
  <reporter-output>
  </reporter-output>
  <suite started-at="2023-12-15T22:05:50 IST" name="Default suite" finished-at="2023-12-15T22:06:02 IST" duration-ms="11932">
    <groups>
    </groups>
    <test started-at="2023-12-15T22:05:50 IST" name="Default test" finished-at="2023-12-15T22:06:02 IST" duration-ms="11932">
      <class name="orangeHRM.tests.LoginFunctionalityTest">
        <test-method is-config="true" signature="launchApplication()[pri:0, instance:orangeHRM.tests.LoginFunctionalityTest@4c583ecf]" started-at="2023-12-15T22:05:50 IST" name="launchApplication" finished-at="2023-12-15T22:06:01 IST" duration-ms="11369" status="PASS">
          <reporter-output>
          </reporter-output>
        </test-method> <!-- launchApplication -->
        <test-method signature="blankInputInBothFieldLoginTest()[pri:0, instance:orangeHRM.tests.LoginFunctionalityTest@4c583ecf]" started-at="2023-12-15T22:06:01 IST" name="blankInputInBothFieldLoginTest" finished-at="2023-12-15T22:06:02 IST" duration-ms="361" status="PASS">
          <reporter-output>
          </reporter-output>
        </test-method> <!-- blankInputInBothFieldLoginTest -->
        <test-method is-config="true" signature="tearDown()[pri:0, instance:orangeHRM.tests.LoginFunctionalityTest@4c583ecf]" started-at="2023-12-15T22:06:02 IST" name="tearDown" finished-at="2023-12-15T22:06:02 IST" duration-ms="146" status="PASS">
          <reporter-output>
          </reporter-output>
        </test-method> <!-- tearDown -->
      </class> <!-- orangeHRM.tests.LoginFunctionalityTest -->
    </test> <!-- Default test -->
  </suite> <!-- Default suite -->
</testng-results>
